Using pre-set license
Built from '2020.3/staging' branch; Version is '2020.3.20f1 (41c4e627c95f) revision 4310246'; Using compiler version '192528614'; Build Type 'Release'
OS: 'Windows 10 Pro; OS build 19044.1766; Version 2009; 64bit' Language: 'en' Physical Memory: 32695 MB
BatchMode: 1, IsHumanControllingUs: 0, StartBugReporterOnCrash: 0, Is64bit: 1, IsPro: 0

COMMAND LINE ARGUMENTS:
C:\Program Files\Unity\Hub\Editor\2020.3.20f1\Editor\Unity.exe
-adb2
-batchMode
-noUpm
-name
AssetImportWorker0
-projectPath
C:/Users/logan/OneDrive/Documents/GitHub/PracticeTreeGame/PracticeTreeGame
-logFile
Logs/AssetImportWorker0.log
-srvPort
54398
Successfully changed project path to: C:/Users/logan/OneDrive/Documents/GitHub/PracticeTreeGame/PracticeTreeGame
C:/Users/logan/OneDrive/Documents/GitHub/PracticeTreeGame/PracticeTreeGame
Using Asset Import Pipeline V2.
Refreshing native plugins compatible for Editor in 20.26 ms, found 2 plugins.
Preloading 0 native plugins for Editor in 0.00 ms.
Initialize engine version: 2020.3.20f1 (41c4e627c95f)
[Subsystems] Discovering subsystems at path C:/Program Files/Unity/Hub/Editor/2020.3.20f1/Editor/Data/Resources/UnitySubsystems
[Subsystems] Discovering subsystems at path C:/Users/logan/OneDrive/Documents/GitHub/PracticeTreeGame/PracticeTreeGame/Assets
GfxDevice: creating device client; threaded=0
Direct3D:
    Version:  Direct3D 11.0 [level 11.1]
    Renderer: NVIDIA GeForce RTX 3070 (ID=0x2484)
    Vendor:   
    VRAM:     8043 MB
    Driver:   30.0.15.1295
Initialize mono
Mono path[0] = 'C:/Program Files/Unity/Hub/Editor/2020.3.20f1/Editor/Data/Managed'
Mono path[1] = 'C:/Program Files/Unity/Hub/Editor/2020.3.20f1/Editor/Data/MonoBleedingEdge/lib/mono/unityjit'
Mono config path = 'C:/Program Files/Unity/Hub/Editor/2020.3.20f1/Editor/Data/MonoBleedingEdge/etc'
Using monoOptions --debugger-agent=transport=dt_socket,embedding=1,server=y,suspend=n,address=127.0.0.1:56268
Begin MonoManager ReloadAssembly
Registering precompiled unity dll's ...
Register platform support module: C:/Program Files/Unity/Hub/Editor/2020.3.20f1/Editor/Data/PlaybackEngines/WindowsStandaloneSupport/UnityEditor.WindowsStandalone.Extensions.dll
Registered in 0.001595 seconds.
Native extension for WindowsStandalone target not found
Refreshing native plugins compatible for Editor in 19.76 ms, found 2 plugins.
Preloading 0 native plugins for Editor in 0.00 ms.
Mono: successfully reloaded assembly
- Completed reload, in  0.911 seconds
Domain Reload Profiling:
	ReloadAssembly (911ms)
		BeginReloadAssembly (42ms)
			ExecutionOrderSort (0ms)
			DisableScriptedObjects (0ms)
			BackupInstance (0ms)
			ReleaseScriptingObjects (0ms)
			CreateAndSetChildDomain (1ms)
		EndReloadAssembly (319ms)
			LoadAssemblies (40ms)
			RebuildTransferFunctionScriptingTraits (0ms)
			SetupTypeCache (92ms)
			ReleaseScriptCaches (0ms)
			RebuildScriptCaches (24ms)
			SetupLoadedEditorAssemblies (112ms)
				LogAssemblyErrors (0ms)
				InitializePlatformSupportModulesInManaged (3ms)
				SetLoadedEditorAssemblies (0ms)
				RefreshPlugins (20ms)
				BeforeProcessingInitializeOnLoad (12ms)
				ProcessInitializeOnLoadAttributes (57ms)
				ProcessInitializeOnLoadMethodAttributes (19ms)
				AfterProcessingInitializeOnLoad (0ms)
				EditorAssembliesLoaded (0ms)
			ExecutionOrderSort2 (0ms)
			AwakeInstancesAfterBackupRestoration (0ms)
Platform modules already initialized, skipping
Registering precompiled user dll's ...
Registered in 0.002315 seconds.
Begin MonoManager ReloadAssembly
Native extension for WindowsStandalone target not found
Refreshing native plugins compatible for Editor in 0.43 ms, found 2 plugins.
Preloading 0 native plugins for Editor in 0.00 ms.
Mono: successfully reloaded assembly
- Completed reload, in  0.690 seconds
Domain Reload Profiling:
	ReloadAssembly (691ms)
		BeginReloadAssembly (100ms)
			ExecutionOrderSort (0ms)
			DisableScriptedObjects (4ms)
			BackupInstance (0ms)
			ReleaseScriptingObjects (0ms)
			CreateAndSetChildDomain (16ms)
		EndReloadAssembly (547ms)
			LoadAssemblies (60ms)
			RebuildTransferFunctionScriptingTraits (0ms)
			SetupTypeCache (163ms)
			ReleaseScriptCaches (0ms)
			RebuildScriptCaches (32ms)
			SetupLoadedEditorAssemblies (235ms)
				LogAssemblyErrors (0ms)
				InitializePlatformSupportModulesInManaged (4ms)
				SetLoadedEditorAssemblies (0ms)
				RefreshPlugins (0ms)
				BeforeProcessingInitializeOnLoad (57ms)
				ProcessInitializeOnLoadAttributes (163ms)
				ProcessInitializeOnLoadMethodAttributes (3ms)
				AfterProcessingInitializeOnLoad (6ms)
				EditorAssembliesLoaded (0ms)
			ExecutionOrderSort2 (0ms)
			AwakeInstancesAfterBackupRestoration (5ms)
Platform modules already initialized, skipping
========================================================================
Worker process is ready to serve import requests
Launched and connected shader compiler UnityShaderCompiler.exe after 0.03 seconds
Refreshing native plugins compatible for Editor in 0.52 ms, found 2 plugins.
Preloading 0 native plugins for Editor in 0.00 ms.
Unloading 1399 Unused Serialized files (Serialized files now loaded: 0)
System memory in use before: 65.3 MB.
System memory in use after: 65.4 MB.

Unloading 16 unused Assets to reduce memory usage. Loaded Objects now: 1834.
Total: 3.548800 ms (FindLiveObjects: 0.241400 ms CreateObjectMapping: 0.042000 ms MarkObjects: 3.211700 ms  DeleteObjects: 0.052800 ms)

AssetImportParameters requested are different than current active one (requested -> active):
  custom:framework-win-MediaFoundation: 216162199b28c13a410421893ffa2e32 -> 
  custom:video-decoder-ogg-theora: a1e56fd34408186e4bbccfd4996cb3dc -> 
  custom:container-muxer-webm: aa71ff27fc2769a1b78a27578f13a17b -> 
  custom:container-demuxer-webm: 4f35f7cbe854078d1ac9338744f61a02 -> 
  custom:container-demuxer-ogg: 62fdf1f143b41e24485cea50d1cbac27 -> 
  custom:video-encoder-webm-vp8: eb34c28f22e8b96e1ab97ce403110664 -> 
  custom:video-decoder-webm-vp8: 9c59270c3fd7afecdb556c50c9e8de78 -> 
  custom:audio-decoder-ogg-vorbis: bf7c407c2cedff20999df2af8eb42d56 -> 
  custom:audio-encoder-webm-vorbis: bf7c407c2cedff20999df2af8eb42d56 -> 
========================================================================
Received Import Request.
  path: Assets
  artifactKey: Guid(00000000000000001000000000000000) Importer(815301076,1909f56bfc062723c751e8b465ee728b)
Start importing Assets using Guid(00000000000000001000000000000000) Importer(815301076,1909f56bfc062723c751e8b465ee728b)  -> (artifact id: '42d402b061de3733987d63b9cc3b64de') in 0.008665 seconds 
  Import took 0.010622 seconds .

========================================================================
Received Import Request.
  Time since last request: 2.856075 seconds.
  path: Assets/3D
  artifactKey: Guid(401e9b7f968f7a54bb57192043904063) Importer(815301076,1909f56bfc062723c751e8b465ee728b)
Start importing Assets/3D using Guid(401e9b7f968f7a54bb57192043904063) Importer(815301076,1909f56bfc062723c751e8b465ee728b)  -> (artifact id: '3d56f319dc356ca844a4c66d6f1cdbfb') in 0.005056 seconds 
  Import took 0.007778 seconds .

========================================================================
Received Import Request.
  Time since last request: 24.940753 seconds.
  path: Assets/3D/tinker.obj
  artifactKey: Guid(ea55fbfb6287c7f49ae4a564056f8f16) Importer(815301076,1909f56bfc062723c751e8b465ee728b)
Start importing Assets/3D/tinker.obj using Guid(ea55fbfb6287c7f49ae4a564056f8f16) Importer(815301076,1909f56bfc062723c751e8b465ee728b)  -> (artifact id: '98c351d9ab3621c8ed35815901e26953') in 0.287849 seconds 
  Import took 0.290390 seconds .

========================================================================
Received Import Request.
  Time since last request: 1296.731672 seconds.
  path: Assets/3D/tinker.obj
  artifactKey: Guid(ea55fbfb6287c7f49ae4a564056f8f16) Importer(815301076,1909f56bfc062723c751e8b465ee728b)
Start importing Assets/3D/tinker.obj using Guid(ea55fbfb6287c7f49ae4a564056f8f16) Importer(815301076,1909f56bfc062723c751e8b465ee728b)  -> (artifact id: '8ffc5aa58c4eb3164d0f6eb48088412b') in 0.127427 seconds 
  Import took 0.129804 seconds .

========================================================================
Received Import Request.
  Time since last request: 105.573864 seconds.
  path: Assets/Materials
  artifactKey: Guid(cdd347edcc7a4d94ba38a7a3817aaf04) Importer(815301076,1909f56bfc062723c751e8b465ee728b)
Start importing Assets/Materials using Guid(cdd347edcc7a4d94ba38a7a3817aaf04) Importer(815301076,1909f56bfc062723c751e8b465ee728b)  -> (artifact id: '12bddc5d2032b17f88d077db2a2ba56f') in 0.005104 seconds 
  Import took 0.007524 seconds .

========================================================================
Received Import Request.
  Time since last request: 14.061115 seconds.
  path: Assets/Materials/Yellow.mat
  artifactKey: Guid(b2d16300ca5132748987625c1540e50d) Importer(815301076,1909f56bfc062723c751e8b465ee728b)
Start importing Assets/Materials/Yellow.mat using Guid(b2d16300ca5132748987625c1540e50d) Importer(815301076,1909f56bfc062723c751e8b465ee728b)  -> (artifact id: '654bcbd45ee9b3d3a026680c5cf01c6b') in 0.015919 seconds 
  Import took 0.018326 seconds .

========================================================================
Received Import Request.
  Time since last request: 87.187846 seconds.
  path: Assets/Materials/Black.mat
  artifactKey: Guid(e8812fe2bc342f14a95e35e509f51b3b) Importer(815301076,1909f56bfc062723c751e8b465ee728b)
Start importing Assets/Materials/Black.mat using Guid(e8812fe2bc342f14a95e35e509f51b3b) Importer(815301076,1909f56bfc062723c751e8b465ee728b)  -> (artifact id: '94d1883f5755f2972955c4b67cd67ea8') in 0.012043 seconds 
  Import took 0.014181 seconds .

========================================================================
Received Import Request.
  Time since last request: 226.403279 seconds.
  path: Assets/Materials/Black.mat
  artifactKey: Guid(e8812fe2bc342f14a95e35e509f51b3b) Importer(815301076,1909f56bfc062723c751e8b465ee728b)
Start importing Assets/Materials/Black.mat using Guid(e8812fe2bc342f14a95e35e509f51b3b) Importer(815301076,1909f56bfc062723c751e8b465ee728b)  -> (artifact id: 'f322ab2b6b4df06086539a15c86a7f7d') in 0.012312 seconds 
  Import took 0.014580 seconds .

========================================================================
Received Import Request.
  Time since last request: 0.000133 seconds.
  path: Assets/Materials/Yellow.mat
  artifactKey: Guid(b2d16300ca5132748987625c1540e50d) Importer(815301076,1909f56bfc062723c751e8b465ee728b)
Start importing Assets/Materials/Yellow.mat using Guid(b2d16300ca5132748987625c1540e50d) Importer(815301076,1909f56bfc062723c751e8b465ee728b)  -> (artifact id: 'd9539c6b32cb2b0b2eec4e7e53b3a166') in 0.019820 seconds 
  Import took 0.021572 seconds .

========================================================================
Received Prepare
Registering precompiled user dll's ...
Registered in 0.002069 seconds.
Begin MonoManager ReloadAssembly
Native extension for WindowsStandalone target not found
Refreshing native plugins compatible for Editor in 0.33 ms, found 2 plugins.
Preloading 0 native plugins for Editor in 0.00 ms.
Mono: successfully reloaded assembly
- Completed reload, in  0.676 seconds
Domain Reload Profiling:
	ReloadAssembly (676ms)
		BeginReloadAssembly (91ms)
			ExecutionOrderSort (0ms)
			DisableScriptedObjects (3ms)
			BackupInstance (0ms)
			ReleaseScriptingObjects (0ms)
			CreateAndSetChildDomain (30ms)
		EndReloadAssembly (539ms)
			LoadAssemblies (60ms)
			RebuildTransferFunctionScriptingTraits (0ms)
			SetupTypeCache (164ms)
			ReleaseScriptCaches (1ms)
			RebuildScriptCaches (27ms)
			SetupLoadedEditorAssemblies (234ms)
				LogAssemblyErrors (0ms)
				InitializePlatformSupportModulesInManaged (4ms)
				SetLoadedEditorAssemblies (0ms)
				RefreshPlugins (0ms)
				BeforeProcessingInitializeOnLoad (52ms)
				ProcessInitializeOnLoadAttributes (168ms)
				ProcessInitializeOnLoadMethodAttributes (3ms)
				AfterProcessingInitializeOnLoad (6ms)
				EditorAssembliesLoaded (0ms)
			ExecutionOrderSort2 (0ms)
			AwakeInstancesAfterBackupRestoration (4ms)
Platform modules already initialized, skipping
Refreshing native plugins compatible for Editor in 0.22 ms, found 2 plugins.
Preloading 0 native plugins for Editor in 0.00 ms.
Unloading 1393 Unused Serialized files (Serialized files now loaded: 0)
System memory in use before: 68.6 MB.
System memory in use after: 68.7 MB.

Unloading 11 unused Assets to reduce memory usage. Loaded Objects now: 1879.
Total: 2.236600 ms (FindLiveObjects: 0.129600 ms CreateObjectMapping: 0.037200 ms MarkObjects: 2.056900 ms  DeleteObjects: 0.011600 ms)

AssetImportParameters requested are different than current active one (requested -> active):
  custom:framework-win-MediaFoundation: 216162199b28c13a410421893ffa2e32 -> 
  custom:video-decoder-ogg-theora: a1e56fd34408186e4bbccfd4996cb3dc -> 
  custom:container-muxer-webm: aa71ff27fc2769a1b78a27578f13a17b -> 
  custom:container-demuxer-webm: 4f35f7cbe854078d1ac9338744f61a02 -> 
  custom:container-demuxer-ogg: 62fdf1f143b41e24485cea50d1cbac27 -> 
  custom:video-encoder-webm-vp8: eb34c28f22e8b96e1ab97ce403110664 -> 
  custom:video-decoder-webm-vp8: 9c59270c3fd7afecdb556c50c9e8de78 -> 
  custom:audio-decoder-ogg-vorbis: bf7c407c2cedff20999df2af8eb42d56 -> 
  custom:audio-encoder-webm-vorbis: bf7c407c2cedff20999df2af8eb42d56 -> 
========================================================================
Received Import Request.
  Time since last request: 79.234619 seconds.
  path: Assets/PracticeTreeGame.unity
  artifactKey: Guid(6296fd9707d72d3448fdf36ca25e53ee) Importer(815301076,1909f56bfc062723c751e8b465ee728b)
Start importing Assets/PracticeTreeGame.unity using Guid(6296fd9707d72d3448fdf36ca25e53ee) Importer(815301076,1909f56bfc062723c751e8b465ee728b)  -> (artifact id: 'f18925f118ba237e24790a967527962c') in 0.013730 seconds 
  Import took 0.016080 seconds .

